<?xml version="1.0" encoding="UTF-8"?>
<!-- Generated by org.testng.reporters.JUnitXMLReporter -->
<testsuite hostname="Joses-MacBook-Pro.local" ignored="0" name="TestNGBasics" tests="1" failures="1" timestamp="24 May 2021 04:17:05 GMT" time="0.017" errors="0">
  <testcase name="softAssertionValidation" time="0.005" classname="Class02.SoftAssertions">
    <failure type="java.lang.AssertionError" message="The following asserts failed:
	expected [This is my testing world] but found [THIS is my testing world],
	expected [true] but found [false],
	expected [false] but found [true]">
      <![CDATA[java.lang.AssertionError: The following asserts failed:
expected [This is my testing world] but found [THIS is my testing world],
expected [true] but found [false],
expected [false] but found [true]
at Class02.SoftAssertions.softAssertionValidation(SoftAssertions.java:29)
at com.intellij.rt.testng.IDEARemoteTestNG.run(IDEARemoteTestNG.java:66)
at com.intellij.rt.testng.RemoteTestNGStarter.main(RemoteTestNGStarter.java:109)
... Removed 23 stack frames]]>
    </failure>
  </testcase> <!-- softAssertionValidation -->
</testsuite> <!-- TestNGBasics -->
